POST /api/doctor/get-doctor-info-by-id 200 494 - 375.972 ms
GET /api/user/get-all-approved-doctors 304 - - 239.089 ms
GET /api/user/get-all-approved-doctors 304 - - 320.732 ms
GET /api/admin/get-all-appointments 200 72 - 319.507 ms
GET /api/admin/get-all-users 200 2983 - 241.013 ms
GET /api/admin/get-all-users 304 - - 245.761 ms
POST /api/user/get-user-info-by-id 200 1737 - 255.312 ms
GET /api/user/get-all-approved-doctors 304 - - 870.526 ms
GET /api/admin/get-all-appointments 304 - - 239.690 ms
GET /api/admin/get-all-users 304 - - 1138.122 ms
GET /api/admin/get-all-doctors 200 3130 - 441.441 ms
GET /api/user/get-all-approved-doctors 304 - - 219.440 ms
GET /api/user/get-all-approved-doctors 200 492 - 217.569 ms
POST /api/user/get-user-info-by-id 200 1737 - 224.426 ms
GET /api/user/get-all-approved-doctors 304 - - 259.814 ms
POST /api/user/get-user-info-by-id 200 1737 - 242.443 ms
GET /register 404 147 - 6.856 ms
POST /api/user/login 200 226 - 2945.441 ms
POST /api/user/register 404 157 - 3.760 ms
POST /api/user/register 404 157 - 8.309 ms
POST /api/user/register 404 157 - 3.034 ms
POST /api/user/register 404 157 - 0.774 ms
POST /api/user/register 404 157 - 0.458 ms
POST /api/user/register 404 157 - 0.420 ms
GET /register 404 147 - 2.121 ms
GET /register 404 147 - 0.642 ms
GET /login 404 144 - 0.615 ms
POST /api/user/register 404 157 - 0.640 ms
GET /api/user/register 404 156 - 6.400 ms
POST /api/user/register 404 157 - 3.748 ms
POST /api/user/register 404 157 - 1.480 ms
POST /api/user/register 200 49 - 259.226 ms
POST /api/user/register 200 49 - 233.314 ms
POST /api/user/get-user-info-by-id 401 41 - 8.363 ms
POST /api/user/register 200 49 - 248.644 ms
POST /api/user/register 200 49 - 1041.148 ms
GET /api/user/get-all-approved-doctors 401 41 - 5.503 ms
GET /favicon.ico 404 150 - 2.841 ms
GET /api/user/get-all-approved-doctors 401 41 - 4.945 ms
GET /api/user/get-all-approved-doctors 401 41 - 1.558 ms
GET /api/user/get-all-approved-doctors 401 41 - 1.003 ms
GET /api/user/get-all-approved-doctors 401 41 - 0.642 ms
GET /api/user/get-all-approved-doctors 401 41 - 1.090 ms
GET /api/user/get-all-approved-doctors 200 492 - 3152.885 ms
