GET /api/admin 404 148 - 4.333 ms
GET /api/admin/get-all-appointments 200 72 - 236.420 ms
GET /api/user/get-all-approved-doctors 304 - - 1766.624 ms
POST /api/user/register 200 49 - 230.132 ms
POST /api/user/login 200 226 - 599.476 ms
POST /api/user/get-user-info-by-id 200 1737 - 290.875 ms
POST /api/user/get-user-info-by-id 200 1737 - 332.618 ms
GET /api/user/get-all-approved-doctors 200 492 - 1922.225 ms
GET /api/user/get-all-approved-doctors 200 492 - 1703.466 ms
GET /api/admin/get-all-appointments 200 125 - 232.794 ms
GET /api/user/get-all-approved-doctors 304 - - 223.919 ms
POST /api/user/get-user-info-by-id 200 1737 - 235.171 ms
GET /api/admin/get-all-appointments 304 - - 235.802 ms
POST /api/user/get-user-info-by-id 200 1737 - 243.858 ms
GET /api/admin/get-all-appointments 304 - - 251.477 ms
GET /api/user/get-all-approved-doctors 304 - - 237.408 ms
GET /api/admin/get-all-users 200 2983 - 344.672 ms
GET /api/admin/get-all-doctors 200 3130 - 293.031 ms
POST /api/user/login 200 49 - 295.548 ms
POST /api/user/login 200 49 - 270.635 ms
POST /api/user/login 200 226 - 454.494 ms
GET /api/user/get-all-approved-doctors 304 - - 310.865 ms
POST /api/user/get-user-info-by-id 200 288 - 294.130 ms
GET /api/user/get-all-approved-doctors 200 492 - 314.105 ms
GET /api/user/get-appointments-by-user-id 200 72 - 246.842 ms
